[2023-11-26T15:48:26.942] [INFO] default - Adding route items
[2023-11-26T15:51:46.191] [INFO] default - Adding route items
[2023-11-26T15:53:41.448] [INFO] default - Adding route items
[2023-11-26T15:54:22.297] [INFO] default - Adding route items
[2023-11-26T15:55:29.983] [INFO] default - Adding route items
[2023-11-26T15:56:13.847] [INFO] default - Adding route items
[2023-11-26T15:56:32.579] [INFO] default - Adding route items
[2023-11-26T15:56:37.511] [INFO] default - Adding route items
[2023-11-26T16:13:36.029] [INFO] default - Adding route items
[2023-11-26T16:13:48.402] [INFO] default - Adding route items
[2023-11-26T16:13:59.991] [INFO] default - DB connected
[2023-11-26T16:14:24.679] [INFO] default - SERVER RUNNING ON PORT 3002
[2023-11-26T16:14:24.826] [INFO] default - Adding route items
[2023-11-26T16:14:36.011] [INFO] default - DB connected
[2023-11-26T18:12:32.934] [INFO] default - SERVER RUNNING ON PORT 3002
[2023-11-26T18:12:33.143] [INFO] default - Adding route items
[2023-11-26T18:12:44.824] [INFO] default - DB connected
[2023-11-26T18:13:43.324] [INFO] default - SERVER RUNNING ON PORT 3002
[2023-11-26T18:13:43.485] [INFO] default - Adding route items
[2023-11-26T18:13:55.088] [INFO] default - DB connected
[2023-11-26T18:15:41.140] [INFO] default - SERVER RUNNING ON PORT 3002
[2023-11-26T18:15:41.348] [INFO] default - Adding route items
[2023-11-26T18:15:53.868] [INFO] default - SERVER RUNNING ON PORT 3002
[2023-11-26T18:15:54.053] [INFO] default - Adding route items
[2023-11-26T18:16:00.053] [INFO] default - SERVER RUNNING ON PORT 3002
[2023-11-26T18:16:00.229] [INFO] default - Adding route item
[2023-11-26T18:16:11.877] [INFO] default - DB connected
[2023-11-26T18:16:41.961] [INFO] default - SERVER RUNNING ON PORT 3002
[2023-11-26T18:16:42.104] [INFO] default - Adding route item
[2023-11-26T18:16:53.309] [INFO] default - DB connected
[2023-11-26T18:18:57.391] [INFO] default - SERVER RUNNING ON PORT 3002
[2023-11-26T18:18:57.536] [INFO] default - Adding route item
[2023-11-26T18:19:09.131] [INFO] default - DB connected
[2023-11-26T18:19:23.174] [INFO] default - SERVER RUNNING ON PORT 3002
[2023-11-26T18:19:23.342] [INFO] default - Adding route item
[2023-11-26T18:19:30.854] [INFO] default - SERVER RUNNING ON PORT 3002
[2023-11-26T18:19:31.012] [INFO] default - Adding route item
[2023-11-26T18:19:42.410] [INFO] default - SERVER RUNNING ON PORT 3002
[2023-11-26T18:19:42.555] [INFO] default - Adding route item
[2023-11-26T18:19:52.645] [INFO] default - SERVER RUNNING ON PORT 3002
[2023-11-26T18:19:52.845] [INFO] default - Adding route item
[2023-11-26T18:20:04.347] [INFO] default - DB connected
[2023-11-26T18:20:19.768] [INFO] default - SERVER RUNNING ON PORT 3002
[2023-11-26T18:20:19.935] [INFO] default - Adding route item
[2023-11-26T18:20:33.472] [INFO] default - SERVER RUNNING ON PORT 3002
[2023-11-26T18:20:33.621] [INFO] default - Adding route item
[2023-11-26T18:20:45.244] [INFO] default - DB connected
[2023-11-26T18:21:05.947] [INFO] default - SERVER RUNNING ON PORT 3002
[2023-11-26T18:21:06.088] [INFO] default - Adding route item
[2023-11-26T18:21:18.085] [INFO] default - DB connected
[2023-11-26T18:22:55.102] [INFO] default - SERVER RUNNING ON PORT 3002
[2023-11-26T18:22:55.262] [INFO] default - Adding route item
[2023-11-26T19:06:11.502] [INFO] default - SERVER RUNNING ON PORT 3002
[2023-11-26T19:06:11.724] [INFO] default - Adding route item
[2023-11-26T19:06:24.818] [INFO] default - SERVER RUNNING ON PORT 3002
[2023-11-26T19:06:24.976] [INFO] default - Adding route item
[2023-11-26T19:06:36.565] [INFO] default - DB connected
[2023-11-26T19:09:22.059] [INFO] default - SERVER RUNNING ON PORT 3002
[2023-11-26T19:09:22.202] [INFO] default - Adding route item
[2023-11-26T19:09:33.828] [INFO] default - DB connected
[2023-11-26T19:10:30.374] [INFO] default - SERVER RUNNING ON PORT 3002
[2023-11-26T19:10:30.552] [INFO] default - Adding route item
[2023-11-26T19:10:42.132] [INFO] default - DB connected
[2023-11-26T19:14:53.266] [INFO] default - SERVER RUNNING ON PORT 3002
[2023-11-26T19:14:53.427] [INFO] default - Adding route item
[2023-11-26T19:15:05.064] [INFO] default - DB connected
[2023-11-26T19:15:16.338] [INFO] default - SERVER RUNNING ON PORT 3002
[2023-11-26T19:15:16.506] [INFO] default - Adding route item
[2023-11-26T19:15:20.915] [INFO] default - SERVER RUNNING ON PORT 3002
[2023-11-26T19:15:21.134] [INFO] default - Adding route item
[2023-11-26T19:15:32.302] [INFO] default - DB connected
[2023-11-26T19:15:43.755] [INFO] default - SERVER RUNNING ON PORT 3002
[2023-11-26T19:15:43.922] [INFO] default - Adding route item
[2023-11-26T19:15:55.089] [INFO] default - DB connected
[2023-11-26T19:17:46.091] [INFO] default - SERVER RUNNING ON PORT 3002
[2023-11-26T19:17:46.277] [INFO] default - Adding route item
[2023-11-26T19:17:57.842] [INFO] default - DB connected
[2023-11-26T19:41:14.345] [INFO] default - SERVER RUNNING ON PORT 3002
[2023-11-26T19:41:14.541] [INFO] default - Adding route item
[2023-11-26T19:41:20.550] [INFO] default - SERVER RUNNING ON PORT 3002
[2023-11-26T19:41:20.773] [INFO] default - Adding route item
[2023-11-26T19:41:32.958] [INFO] default - DB connected
[2023-11-26T19:41:43.253] [INFO] default - SERVER RUNNING ON PORT 3002
[2023-11-26T19:41:43.483] [INFO] default - Adding route item
[2023-11-26T19:41:59.498] [INFO] default - DB connected
[2023-11-26T19:43:38.576] [INFO] default - SERVER RUNNING ON PORT 3002
[2023-11-26T19:43:38.756] [INFO] default - Adding route item
[2023-11-26T19:43:51.202] [INFO] default - DB connected
[2023-11-26T19:45:16.644] [INFO] default - SERVER RUNNING ON PORT 3002
[2023-11-26T19:45:16.941] [INFO] default - Adding route item
[2023-11-26T19:45:29.378] [INFO] default - DB connected
[2023-11-26T19:46:20.036] [INFO] default - SERVER RUNNING ON PORT 3002
[2023-11-26T19:46:20.308] [INFO] default - Adding route item
[2023-11-26T19:46:33.195] [INFO] default - DB connected
[2023-11-26T19:47:52.992] [INFO] default - SERVER RUNNING ON PORT 3002
[2023-11-26T19:47:53.406] [INFO] default - Adding route item
[2023-11-26T19:48:05.842] [INFO] default - DB connected
[2023-11-26T19:48:09.580] [INFO] default - SERVER RUNNING ON PORT 3002
[2023-11-26T19:48:09.848] [INFO] default - Adding route item
[2023-11-26T19:48:22.362] [INFO] default - DB connected
[2023-11-26T21:06:59.754] [INFO] default - SERVER RUNNING ON PORT 3002
[2023-11-26T21:07:01.253] [INFO] default - Adding route item
[2023-11-26T21:07:13.377] [INFO] default - DB connected
[2023-11-26T21:15:35.011] [INFO] default - SERVER RUNNING ON PORT 3002
[2023-11-26T21:15:37.130] [INFO] default - Adding route item
[2023-11-26T21:15:47.852] [INFO] default - DB connected
[2023-11-26T21:16:44.078] [INFO] default - SERVER RUNNING ON PORT 3002
[2023-11-26T21:16:46.457] [INFO] default - Adding route item
[2023-11-26T21:16:56.851] [INFO] default - DB connected
[2023-11-26T21:17:39.952] [INFO] default - SERVER RUNNING ON PORT 3002
[2023-11-26T21:17:42.723] [INFO] default - Adding route item
[2023-11-26T21:17:52.674] [INFO] default - DB connected
[2023-11-26T21:27:26.805] [INFO] default - SERVER RUNNING ON PORT 3002
[2023-11-26T21:27:28.639] [INFO] default - Adding route item
[2023-11-26T21:27:40.443] [INFO] default - DB connected
[2023-11-28T22:48:07.531] [INFO] default - SERVER RUNNING ON PORT 3002
[2023-11-28T22:48:08.738] [INFO] default - Adding route item
[2023-11-28T22:48:19.960] [ERROR] default - ERROR_GET_ITEM Error: items validation failed: name: Path `name` is required.
    at ValidationError.inspect (C:\Users\ideapai7\Documents\ts-express-2\node_modules\mongoose\lib\error\validation.js:50:26)
    at formatValue (node:internal/util/inspect:805:19)
    at inspect (node:internal/util/inspect:364:10)
    at formatWithOptionsInternal (node:internal/util/inspect:2279:40)
    at Object.format (node:internal/util/inspect:2136:10)
    at basicLayout (C:\Users\ideapai7\Documents\ts-express-2\node_modules\log4js\lib\layouts.js:65:52)
    at app (C:\Users\ideapai7\Documents\ts-express-2\node_modules\log4js\lib\appenders\file.js:98:23)
    at C:\Users\ideapai7\Documents\ts-express-2\node_modules\log4js\lib\log4js.js:43:5
    at Array.forEach (<anonymous>)
    at sendLogEventToAppender (C:\Users\ideapai7\Documents\ts-express-2\node_modules\log4js\lib\log4js.js:42:21) {
  errors: {
    name: ValidatorError: Path `name` is required.
        at validate (C:\Users\ideapai7\Documents\ts-express-2\node_modules\mongoose\lib\schemaType.js:1365:13)
        at SchemaString.SchemaType.doValidate (C:\Users\ideapai7\Documents\ts-express-2\node_modules\mongoose\lib\schemaType.js:1349:7)
        at C:\Users\ideapai7\Documents\ts-express-2\node_modules\mongoose\lib\document.js:2972:18
        at processTicksAndRejections (node:internal/process/task_queues:77:11) {
      properties: [Object],
      kind: 'required',
      path: 'name',
      value: undefined,
      reason: undefined,
      [Symbol(mongoose#validatorError)]: true
    }
  },
  _message: 'items validation failed'
}
[2023-11-28T22:48:39.261] [INFO] default - SERVER RUNNING ON PORT 3002
[2023-11-28T22:48:40.207] [INFO] default - Adding route item
[2023-11-28T22:48:51.347] [INFO] default - DB connected
[2023-11-28T22:55:28.840] [INFO] default - SERVER RUNNING ON PORT 3002
[2023-11-28T22:55:30.270] [INFO] default - Adding route item
[2023-11-28T22:57:26.681] [INFO] default - DB connected
[2023-11-28T22:58:19.778] [INFO] default - SERVER RUNNING ON PORT 3002
[2023-11-28T22:58:21.342] [INFO] default - Adding route item
[2023-11-28T22:58:32.107] [INFO] default - SERVER RUNNING ON PORT 3002
[2023-11-28T22:58:33.696] [INFO] default - Adding route item
[2023-11-28T22:58:44.193] [INFO] default - DB connected
[2023-11-28T23:08:03.658] [INFO] default - SERVER RUNNING ON PORT 3002
[2023-11-28T23:08:05.817] [INFO] default - Adding route item
[2023-11-28T23:08:15.336] [INFO] default - DB connected
[2023-11-28T23:08:19.661] [INFO] default - SERVER RUNNING ON PORT 3002
[2023-11-28T23:08:20.835] [INFO] default - Adding route item
[2023-11-28T23:08:31.143] [INFO] default - DB connected
[2023-11-28T23:11:40.244] [INFO] default - SERVER RUNNING ON PORT 3002
[2023-11-28T23:11:41.699] [INFO] default - Adding route item
[2023-11-28T23:11:55.234] [INFO] default - DB connected
[2023-11-29T22:45:32.752] [INFO] default - SERVER RUNNING ON PORT 3002
[2023-11-29T22:45:34.857] [INFO] default - Adding route item
[2023-11-29T22:45:45.563] [INFO] default - DB connected
[2023-11-29T22:46:25.474] [INFO] default - SERVER RUNNING ON PORT 3002
[2023-11-29T22:46:28.439] [INFO] default - Adding route item
[2023-11-29T22:46:38.895] [INFO] default - SERVER RUNNING ON PORT 3002
[2023-11-29T22:46:40.690] [INFO] default - Adding route item
[2023-11-29T22:46:51.805] [INFO] default - DB connected
[2023-11-29T22:47:05.536] [INFO] default - Request received from /item function header(name) {
  if (!name) {
    throw new TypeError('name argument is required to req.get');
  }

  if (typeof name !== 'string') {
    throw new TypeError('name must be a string to req.get');
  }

  var lc = name.toLowerCase();

  switch (lc) {
    case 'referer':
    case 'referrer':
      return this.headers.referrer
        || this.headers.referer;
    default:
      return this.headers[lc];
  }
}
[2023-11-29T22:49:08.034] [INFO] default - SERVER RUNNING ON PORT 3002
[2023-11-29T22:49:11.424] [INFO] default - Adding route item
[2023-11-29T22:49:20.509] [INFO] default - DB connected
[2023-11-29T22:49:25.555] [INFO] default - Request received from /item content-length,121,accept-encoding,gzip, deflate, br,Accept,*/*,User-Agent,Thunder Client (https://www.thunderclient.com),Content-Type,application/json,Host,localhost:3002,Connection,close
[2023-11-30T23:07:36.461] [INFO] default - SERVER RUNNING ON PORT 3002
[2023-11-30T23:07:39.296] [INFO] default - Adding route auth
[2023-11-30T23:07:39.297] [INFO] default - Adding route item
[2023-11-30T23:07:48.758] [INFO] default - DB connected
[2023-11-30T23:14:49.500] [INFO] default - SERVER RUNNING ON PORT 3002
[2023-11-30T23:14:51.489] [INFO] default - Adding route auth
[2023-11-30T23:14:51.489] [INFO] default - Adding route item
[2023-11-30T23:28:08.477] [INFO] default - SERVER RUNNING ON PORT 3002
[2023-11-30T23:28:10.512] [INFO] default - Adding route auth
[2023-11-30T23:28:10.513] [INFO] default - Adding route item
[2023-11-30T23:28:21.151] [INFO] default - DB connected
[2023-11-30T23:29:11.619] [INFO] default - SERVER RUNNING ON PORT 3002
[2023-11-30T23:29:14.601] [INFO] default - Adding route auth
[2023-11-30T23:29:14.602] [INFO] default - Adding route item
[2023-11-30T23:29:23.636] [INFO] default - DB connected
[2023-11-30T23:30:24.396] [INFO] default - SERVER RUNNING ON PORT 3002
[2023-11-30T23:30:27.179] [INFO] default - Adding route auth
[2023-11-30T23:30:27.180] [INFO] default - Adding route item
[2023-11-30T23:30:37.851] [INFO] default - DB connected
[2023-11-30T23:37:31.287] [INFO] default - SERVER RUNNING ON PORT 3002
[2023-11-30T23:37:33.817] [INFO] default - Adding route auth
[2023-11-30T23:37:33.817] [INFO] default - Adding route item
